20220905	23:34:18	7ea6bcec-e12f-444b-ade6-1edfa9cf9176	GET	/	undefined	undefined
20220905	23:34:22	6ac3676a-5510-4bf1-865e-390148a31bc6	GET	/style.css	undefined	undefined
20220905	23:34:22	3beda748-06ef-4682-928b-f970ef94806b	GET	/favicon.ico	undefined	undefined
20220905	23:35:40	265ea088-2388-4f3b-9c3b-4cda1ffa76a7	GET	/new	undefined	undefined
20220905	23:35:41	5a53515f-795f-400a-9132-1b33e36cd0ee	GET	/style.css	undefined	undefined
20220905	23:36:26	bf6ac27e-ee83-4645-b258-6e1532ba27cf	GET	/	undefined	undefined
20220905	23:36:26	f05a1447-f7b2-4688-b3af-2c546401aa82	GET	/style.css	undefined	undefined
20220905	23:45:08	421e3738-0ea0-48f8-8644-f6116797336a	GET	/	undefined	undefined
20220905	23:49:46	355c9cc3-9cb4-48b9-94a2-3144bdb664c0	GET	/	undefined	undefined
20220905	23:50:32	50d86729-ef4d-4234-bf74-5e07eee691b0	GET	/	undefined	undefined
20220905	23:55:10	1bab1dc7-ceb4-4cae-963b-20992076930c	GET	/	https://www.google.com	undefined
20220905	23:56:26	6ad27742-f786-4f2d-89cb-85cfe4f0f0bc	GET	/	https://www.google.com	/
20220905	23:58:40	224be214-ce86-47cf-a3d1-8fbf2cc59a9e	GET	/	https://www.nu.nl	/
20220906	00:01:19	a8914555-8ae7-4733-8e3c-f299ec3dbfc6	GET	/	https://www.nu.nl	undefined
20220906	02:09:34	86ca1d9b-724b-4a89-b760-cd853b868013	GET	/new	undefined	undefined
20220906	02:09:34	f330f43b-a75f-46d4-831f-5e0b12ca354b	GET	/style.css	undefined	undefined
20220906	02:14:32	c35b9a42-478a-42d8-afe2-1c6d6060ca6b	GET	/	https://www.google.com	undefined
20220906	02:15:15	402178ad-3de5-4705-92e8-b53218057beb	GET	/	https://www.google.com	undefined
20220906	02:15:49	a667f311-0342-4087-9b48-9c7f987cb16c	GET	/	https://www.google.com	undefined
20220906	02:18:34	638eb8ce-1cb0-4900-8111-098e1e2e6be8	GET	/	https://www.google.com	undefined
20220906	02:20:17	9690602a-fd73-4009-a024-55e5b1f30e85	GET	/	https://www.google.com	undefined
20220906	02:25:41	747f885e-bf75-4e3d-b207-76c4bf7a88a9	GET	/hope	undefined	undefined
20220906	02:25:41	bd8cdf47-8b81-4a1d-9c59-a9f9b5588d10	GET	/style.css	undefined	undefined
20220907	19:54:38	4994de7e-3c1e-432c-a82e-7ab8e08b9f2e	GET	/	undefined	undefined
20220907	19:54:39	e4afcc02-e281-4196-879e-6523b7e11149	GET	/style.css	undefined	undefined
20220907	19:55:05	fc42471d-0a94-4c1d-83dc-6d18f7b74cfc	GET	/	undefined	undefined
20220907	19:55:05	7e9f89c0-62c9-42b1-95f2-501867128a0e	GET	/style.css	undefined	undefined
20220907	19:55:40	eea38ad7-1766-464c-ab35-cb056d7ef3f4	GET	/	undefined	undefined
20220907	19:55:40	fc92dfdb-7c13-4cf3-8229-dbb87c452313	GET	/style.css	undefined	undefined
20220907	19:57:12	0ffe107e-2e59-4985-a56a-bc24a627d6d3	GET	/	https://www.google.com	undefined
20220907	19:58:59	487c43cc-7f8e-4768-bea7-85e1808938db	GET	/	https://www.google.com	undefined
20220907	20:23:42	86fb90e5-cf5f-4139-9816-0d93172504f5	GET	/	https://www.google.com	undefined
20220907	20:25:16	37239a4f-900b-4224-be64-96978d808209	GET	/new	undefined	undefined
20220907	20:25:21	f0e07054-7fab-4aad-982d-9a5f96ba1ffd	GET	/style.css	undefined	undefined
20220907	20:25:21	7261b4fa-9b3a-4188-a48c-75c2a16a91fa	GET	/favicon.ico	undefined	undefined
20220907	20:26:34	a6d81299-63c6-4036-8aa6-8df3ab703200	GET	/	undefined	undefined
20220907	20:26:34	5aff2114-e25e-4820-bfa1-5f7ca1b1abf8	GET	/style.css	undefined	undefined
20220907	20:27:11	f822fd16-122c-4df5-bd9e-5a3c80cc52dd	GET	/	undefined	undefined
20220907	20:27:40	9f981612-4610-4d15-a70a-a2c2cc3c29fd	GET	/	https://www.nu.nl	undefined
20220907	20:28:58	1b6daad4-5764-4f32-be82-f63f3a7f10a9	GET	/favicon.ico	undefined	undefined
20220910	00:01:55	6051fb50-2b5b-43b0-958e-e4efa2236889	GET	/users	undefined	undefined
20220910	00:03:59	a554f4f5-ceb8-4557-8fe1-a9c59ea900e1	GET	/users	undefined	undefined
20220910	00:08:39	2985c1c4-d623-4e18-9cfd-a97b10603e18	GET	/users	undefined	undefined
20220910	00:19:15	c9b26c4a-e499-4d93-aa79-b469ac70b213	GET	/users	undefined	undefined
20220910	00:25:47	c3086379-2578-46d1-8528-78babc8f13cd	GET	/users	undefined	undefined
20220910	00:43:27	d2e5f772-4ef3-4f1f-b170-0e104bdc9bca	GET	/users	undefined	undefined
20220910	00:44:24	791bc8f4-4ade-4b75-b5fa-0ee776526757	GET	/users	undefined	undefined
20220910	21:03:04	ce945a99-729e-4059-9330-c3db2887e34c	GET	/users	undefined	undefined
20220910	21:08:26	26961dee-0cf9-408d-942e-feb5affc01d1	POST	/users	undefined	undefined
20220910	21:09:10	f62f45a6-05f3-4df6-b6b4-bd24f048210c	GET	/users	undefined	undefined
20220910	21:11:33	6fb62d6d-39e2-4e42-aed7-31614301778d	POST	/users	undefined	undefined
20220910	21:12:08	e94d2b00-8a6d-4b21-b884-2edac13cac5a	POST	/users	undefined	undefined
20220910	21:12:57	15b51a7b-74f9-43ff-9b48-433af4f9c5a6	POST	/users	undefined	undefined
20220910	21:13:08	9a365371-2483-4f42-833e-28077788863c	POST	/users	undefined	undefined
20220910	21:13:28	39c76452-e019-41a6-85d6-c3bb1e490755	POST	/users	undefined	undefined
20220910	21:15:14	02854b9a-fc23-4c19-8fb1-b3d7d53f7c4f	POST	/users	undefined	undefined
20220910	21:15:35	1a7abf54-6d52-40db-972d-675029550a4e	POST	/users	undefined	undefined
20220910	21:16:10	be0582e1-d181-434c-b4a2-cb89dcf72b09	POST	/users	undefined	undefined
20220910	21:16:27	66da8297-c442-4fbb-ad26-b42cd92cef53	GET	/users	undefined	undefined
20220911	17:54:04	f344b380-207c-4108-a8b9-2e53339e4b00	GET	/users	undefined	undefined
20220911	17:54:30	efbb7744-efc3-4769-86b7-41199d2a4403	GET	/notes	undefined	undefined
20220911	18:00:51	c356cd8b-f6d1-485a-80de-9edc461bcb14	GET	/notes	undefined	undefined
20220911	18:01:03	aafe1031-3d5e-4f8c-962d-fb7def008f83	GET	/notes	undefined	undefined
20220911	18:05:58	8c648ed2-58c9-475f-95b9-93ae7c48e162	POST	/notes	undefined	undefined
20220911	18:06:13	60afa0af-c140-419c-a8b5-aeabd590634a	POST	/notes	undefined	undefined
20220911	18:06:55	5055b16e-17b0-4712-a4ef-0e620ed954c9	GET	/users	undefined	undefined
20220911	18:07:41	2f9e22f5-14e2-437c-950c-50581b634b36	POST	/notes	undefined	undefined
20220911	18:08:48	1bbd6174-0a25-4421-bfec-d4275f7cef83	POST	/notes	undefined	undefined
20220911	18:09:01	7928cd02-83a1-4db9-b04e-750840c2bea9	GET	/notes	undefined	undefined
20220911	18:10:28	40dbab77-5c06-401c-bc18-a63342096544	PATCH	/notes	undefined	undefined
